DATE: 02/07/2019                                    ALBIA SOCCER CLUB FUNDRAISER                                            PAGE:  1
JAVANB06                                                BUSATTO'S  DIVISION                                                         
                                                            SALES REPORT                                                            

   LAST NAME        FIRST NAME       CITY        STATE ZIP CODE    POP TYPE             QUANTITY      DEPOSIT AMT      TOTAL SALES  

   Perkins          Declan           Pine Bluff   WI   28854-5124  SPRITE                  86           $103.20         $1,712.26   

   Higgins          Calvin           Melbourne    MI   08860-1976  DIET COKE               54           $129.60         $1,139.94   

   Goodman          Nicholas         Lisle        MO   84044-9256  DIET COKE               58           $0.00           $1,085.18   

   Byrd             Aidan            Jasper       IL   39981-9769  COKE                    14           $0.00           $261.94     

   Glover           Vincent          Kaneohe      MI   93396-4495  CHERRY COKE             56           $134.40         $1,182.16   

   Burns            Matthew          Juneau       NE   50247-0246  DIET COKE               80           $96.00          $1,592.80   

   Weiss            Kian             Lompoc       IL   49651-8742  CHERRY COKE             77           $0.00           $1,440.67   

   Chambers         Lennox           Atlanta      MI   14935-7783  MELLO YELLO             64           $153.60         $1,351.04   

   Kirby            Corbin           Marion       MI   53516-9229  DIET CHERRY COKE        46           $110.40         $971.06     

   Graves           Jason            Troy         MO   58989-7736  DIET CHERRY COKE        65           $0.00           $1,216.15   

   Owen             Sullivan         Darien       MO   63873-6393  DIET CHERRY COKE        17           $0.00           $318.07     

   Welch            Deacon           Lompoc       MI   95315-8514  DIET CHERRY COKE        72           $172.80         $1,519.92   

   Austin           Adan             Waycross     MI   55014-3484  CHERRY COKE             35           $84.00          $738.85     

   Cooper           Brian            Laguna Bea   WI   42824-1559  DIET COKE               41           $49.20          $816.31     

   Pacheco          Davis            Alameda      IA   08627-9600  CHERRY COKE             33           $39.60          $657.03     

   Stokes           Javier           Greenville   IA   88155-9073  SPRITE                  85           $102.00         $1,692.35   

   Curtis           Arturo           Urbana       IL   25255-1970  DIET CHERRY COKE        10           $0.00           $187.10     

DATE: 02/07/2019                                    ALBIA SOCCER CLUB FUNDRAISER                                            PAGE:  2
JAVANB06                                                BUSATTO'S  DIVISION                                                         
                                                            SALES REPORT                                                            

   LAST NAME        FIRST NAME       CITY        STATE ZIP CODE    POP TYPE             QUANTITY      DEPOSIT AMT      TOTAL SALES  

   Wilcox           Landon           Sacramento   IL   17044-7109  MELLO YELLO              6           $0.00           $112.26     

   Hampton          Elijah           Palm Bay     IA   53579-7346  DIET CHERRY COKE        79           $94.80          $1,572.89   

   Osborne          GrahamGrant      Tarpon Spr   NE   21573-7462  MELLO YELLO             58           $69.60          $1,154.78   

   Gutierrez        Dean             Trinidad     NE   02323-4665  CHERRY COKE             30           $36.00          $597.30     

   Hines            Roland           Athens       MO   03394-1542  CHERRY COKE             69           $0.00           $1,290.99   

   Hoffman          Augustus         Magnolia     IA   65490-9559  DIET CHERRY COKE         5           $6.00           $99.55      

   Anthony          Travis           Titusville   WI   02058-9856  DIET CHERRY COKE        75           $90.00          $1,493.25   

   Hamilton         Peyton           Stockton     IL   20153-5820  MELLO YELLO             65           $0.00           $1,216.15   

   Schneider        Chandler         Demopolis    IL   28912-9762  COKE                    49           $0.00           $916.79     

   Wallace          Keaton           Goshen       IA   61606-0670  DIET CHERRY COKE        18           $21.60          $358.38     

   Bush             George           Costa Mesa   WI   56613-3747  MELLO YELLO             12           $14.40          $238.92     

   Patel            Brayan           Bakersfiel   NE   20539-8778  COKE                    36           $43.20          $716.76     

   Lynch            GrahamGrant      Anaheim      WI   84543-9563  MELLO YELLO             28           $33.60          $557.48     

   Bowman           Nico             Burbank      MI   82820-4535  DIET COKE               57           $136.80         $1,203.27   

   Norris           Ryder            Mobile       WI   23582-2611  SPRITE                  39           $46.80          $776.49     

   Hardy            Joaquin          Pensacola    IL   41718-8558  CHERRY COKE             54           $0.00           $1,010.34   

   Watson           Ian              Titusville   MO   36958-9597  COKE                     1           $0.00           $18.71      

DATE: 02/07/2019                                    ALBIA SOCCER CLUB FUNDRAISER                                            PAGE:  3
JAVANB06                                                BUSATTO'S  DIVISION                                                         
                                                            SALES REPORT                                                            

   LAST NAME        FIRST NAME       CITY        STATE ZIP CODE    POP TYPE             QUANTITY      DEPOSIT AMT      TOTAL SALES  

   Sims             Augustus         Indianapol   MI   22891-6410  CHERRY COKE              7           $16.80          $147.77     

DATE: 02/07/2019                                    ALBIA SOCCER CLUB FUNDRAISER                                            PAGE:  4
JAVANB06                                                BUSATTO'S  DIVISION                                                         
                                                            SALES REPORT                                                            

   LAST NAME        FIRST NAME       CITY        STATE ZIP CODE    POP TYPE             QUANTITY      DEPOSIT AMT      TOTAL SALES  

 
GRAND TOTALS:                                                                                                                       
 
   COKE                 100      CHERRY COKE          361                                                                           

   DIET COKE            290      DIET CHERRY COKE     387                                                                           

   MELLO YELLO          233      SPRITE               210                                                                           

 
TEAM TOTALS:                                                                                                                       
 
   A    $4,528.63                                                                                                                   

   B   $11,219.64                                                                                                                   

   C    $8,495.57                                                                                                                   

   D    $1,709.91                                                                                                                   

   E    $5,411.16                                                                                                                   

